2026-02-28 19:47:43 | INFO  | Export iniciado: formato=svg, arquivo=data/example/checkout_flow.sff, lanes_only=False
2026-02-28 19:47:43 | INFO  | [RANK_ASSIGN] node_id=start_checkout, rank=0
2026-02-28 19:47:43 | INFO  | [RANK_ASSIGN] node_id=fill_data, rank=1
2026-02-28 19:47:43 | INFO  | [RANK_ASSIGN] node_id=validate_data, rank=2
2026-02-28 19:47:43 | INFO  | [RANK_ASSIGN] node_id=data_valid, rank=3
2026-02-28 19:47:43 | INFO  | [RANK_ASSIGN] node_id=send_to_gateway, rank=4
2026-02-28 19:47:43 | INFO  | [RANK_ASSIGN] node_id=end_failure, rank=7
2026-02-28 19:47:43 | INFO  | [RANK_ASSIGN] node_id=wait_gateway, rank=5
2026-02-28 19:47:43 | INFO  | [RANK_ASSIGN] node_id=payment_approved, rank=6
2026-02-28 19:47:43 | INFO  | [RANK_ASSIGN] node_id=end_success, rank=7
2026-02-28 19:47:43 | INFO  | [GRID] rank_gap=160, track_gap=280, grid=(40,24)
2026-02-28 19:47:43 | INFO  | [SLOT_ASSIGN] node_id=start_checkout, lane=user, rank=0, track=0
2026-02-28 19:47:43 | INFO  | [SLOT_ASSIGN] node_id=fill_data, lane=user, rank=1, track=0
2026-02-28 19:47:43 | INFO  | [SLOT_ASSIGN] node_id=validate_data, lane=system, rank=2, track=0
2026-02-28 19:47:43 | INFO  | [SLOT_ASSIGN] node_id=data_valid, lane=system, rank=3, track=0
2026-02-28 19:47:43 | INFO  | [SLOT_ASSIGN] node_id=send_to_gateway, lane=gateway, rank=4, track=0
2026-02-28 19:47:43 | INFO  | [SLOT_ASSIGN] node_id=wait_gateway, lane=gateway, rank=5, track=0
2026-02-28 19:47:43 | INFO  | [SLOT_ASSIGN] node_id=payment_approved, lane=gateway, rank=6, track=0
2026-02-28 19:47:43 | INFO  | [SLOT_ASSIGN] node_id=end_failure, lane=system, rank=7, track=1
2026-02-28 19:47:43 | INFO  | [SLOT_ASSIGN] node_id=end_success, lane=system, rank=7, track=0
2026-02-28 19:47:43 | WARN  | [TEXT_WRAP] Node fill_data quebrado em 2 linhas
2026-02-28 19:47:43 | WARN  | [TEXT_WRAP] Node validate_data quebrado em 2 linhas
2026-02-28 19:47:43 | WARN  | [TEXT_WRAP] Node data_valid quebrado em 2 linhas
2026-02-28 19:47:43 | WARN  | [TEXT_WRAP] Node send_to_gateway quebrado em 2 linhas
2026-02-28 19:47:43 | WARN  | [TEXT_WRAP] Node wait_gateway quebrado em 2 linhas
2026-02-28 19:47:43 | WARN  | [TEXT_WRAP] Node payment_approved quebrado em 2 linhas
2026-02-28 19:47:43 | INFO  | [CANVAS] bbox=(40,40,1444,1350) width=1564 height=1470
2026-02-28 19:47:43 | INFO  | [ROUTE_TRY] edge_id=start_checkout->fill_data, variant=base, cost=88, overlaps=0, par_close=0, node_hits=0
2026-02-28 19:47:43 | INFO  | [ROUTE_PICK] edge_id=start_checkout->fill_data, chosen=base, cost=88
2026-02-28 19:47:43 | INFO  | [OCCUPY] edge_id=start_checkout->fill_data, segment=V, x=240, y1=194, y2=270
2026-02-28 19:47:43 | INFO  | [OCCUPY] edge_id=start_checkout->fill_data, segment=V, x=240, y1=270, y2=270
2026-02-28 19:47:43 | INFO  | [OCCUPY] edge_id=start_checkout->fill_data, segment=V, x=240, y1=270, y2=282
2026-02-28 19:47:43 | INFO  | [ROUTE_TRY] edge_id=fill_data->validate_data, variant=base, cost=568.0, overlaps=0, par_close=0, node_hits=0
2026-02-28 19:47:43 | INFO  | [ROUTE_PICK] edge_id=fill_data->validate_data, chosen=base, cost=568.0
2026-02-28 19:47:43 | INFO  | [OCCUPY] edge_id=fill_data->validate_data, segment=V, x=240, y1=342, y2=422.0
2026-02-28 19:47:43 | INFO  | [OCCUPY] edge_id=fill_data->validate_data, segment=H, y=422.0, x1=240, x2=600
2026-02-28 19:47:43 | INFO  | [OCCUPY] edge_id=fill_data->validate_data, segment=V, x=600, y1=422.0, y2=450
2026-02-28 19:47:43 | INFO  | [ROUTE_TRY] edge_id=validate_data->data_valid, variant=base, cost=98.0, overlaps=0, par_close=0, node_hits=0
2026-02-28 19:47:43 | INFO  | [ROUTE_PICK] edge_id=validate_data->data_valid, chosen=base, cost=98.0
2026-02-28 19:47:43 | INFO  | [OCCUPY] edge_id=validate_data->data_valid, segment=V, x=600, y1=510, y2=590.0
2026-02-28 19:47:43 | INFO  | [OCCUPY] edge_id=validate_data->data_valid, segment=V, x=600, y1=590.0, y2=590.0
2026-02-28 19:47:43 | INFO  | [OCCUPY] edge_id=validate_data->data_valid, segment=V, x=600, y1=590.0, y2=608
2026-02-28 19:47:43 | INFO  | [ROUTE_TRY] edge_id=data_valid->send_to_gateway, variant=base, cost=814.0, overlaps=0, par_close=0, node_hits=0
2026-02-28 19:47:43 | INFO  | [ROUTE_PICK] edge_id=data_valid->send_to_gateway, chosen=base, cost=814.0
2026-02-28 19:47:43 | INFO  | [OCCUPY] edge_id=data_valid->send_to_gateway, segment=V, x=640, y1=648, y2=728.0
2026-02-28 19:47:43 | INFO  | [OCCUPY] edge_id=data_valid->send_to_gateway, segment=H, y=728.0, x1=640, x2=1240
2026-02-28 19:47:43 | INFO  | [OCCUPY] edge_id=data_valid->send_to_gateway, segment=V, x=1240, y1=728.0, y2=762
2026-02-28 19:47:43 | INFO  | [ROUTE_TRY] edge_id=send_to_gateway->wait_gateway, variant=base, cost=108.0, overlaps=0, par_close=0, node_hits=0
2026-02-28 19:47:43 | INFO  | [ROUTE_PICK] edge_id=send_to_gateway->wait_gateway, chosen=base, cost=108.0
2026-02-28 19:47:43 | INFO  | [OCCUPY] edge_id=send_to_gateway->wait_gateway, segment=V, x=1240, y1=822, y2=902.0
2026-02-28 19:47:43 | INFO  | [OCCUPY] edge_id=send_to_gateway->wait_gateway, segment=V, x=1240, y1=902.0, y2=902.0
2026-02-28 19:47:43 | INFO  | [OCCUPY] edge_id=send_to_gateway->wait_gateway, segment=V, x=1240, y1=902.0, y2=930
2026-02-28 19:47:43 | INFO  | [ROUTE_TRY] edge_id=wait_gateway->payment_approved, variant=base, cost=98.0, overlaps=0, par_close=0, node_hits=0
2026-02-28 19:47:43 | INFO  | [ROUTE_PICK] edge_id=wait_gateway->payment_approved, chosen=base, cost=98.0
2026-02-28 19:47:43 | INFO  | [OCCUPY] edge_id=wait_gateway->payment_approved, segment=V, x=1240, y1=990, y2=1070.0
2026-02-28 19:47:43 | INFO  | [OCCUPY] edge_id=wait_gateway->payment_approved, segment=V, x=1240, y1=1070.0, y2=1070.0
2026-02-28 19:47:43 | INFO  | [OCCUPY] edge_id=wait_gateway->payment_approved, segment=V, x=1240, y1=1070.0, y2=1088
2026-02-28 19:47:43 | INFO  | [ROUTE_TRY] edge_id=payment_approved->end_success, variant=base, cost=2898.0, overlaps=0, par_close=0, node_hits=1
2026-02-28 19:47:43 | INFO  | [ROUTE_TRY] edge_id=payment_approved->end_success, variant=offset_1, cost=2898.0, overlaps=0, par_close=0, node_hits=1
2026-02-28 19:47:43 | INFO  | [ROUTE_TRY] edge_id=payment_approved->end_success, variant=offset_2, cost=2898.0, overlaps=0, par_close=0, node_hits=1
2026-02-28 19:47:43 | INFO  | [ROUTE_TRY] edge_id=payment_approved->end_success, variant=offset_3, cost=2898, overlaps=0, par_close=0, node_hits=1
2026-02-28 19:47:43 | INFO  | [ROUTE_TRY] edge_id=payment_approved->end_success, variant=offset_4, cost=2898, overlaps=0, par_close=0, node_hits=1
2026-02-28 19:47:43 | INFO  | [ROUTE_TRY] edge_id=payment_approved->end_success, variant=offset_5, cost=2898, overlaps=0, par_close=0, node_hits=1
2026-02-28 19:47:43 | INFO  | [ROUTE_TRY] edge_id=payment_approved->end_success, variant=offset_6, cost=2898, overlaps=0, par_close=0, node_hits=1
2026-02-28 19:47:43 | INFO  | [ROUTE_TRY] edge_id=payment_approved->end_success, variant=offset_7, cost=2898, overlaps=0, par_close=0, node_hits=1
2026-02-28 19:47:43 | INFO  | [ROUTE_TRY] edge_id=payment_approved->end_success, variant=offset_8, cost=2898, overlaps=0, par_close=0, node_hits=1
2026-02-28 19:47:43 | INFO  | [ROUTE_TRY] edge_id=payment_approved->end_success, variant=offset_-1, cost=898.0, overlaps=0, par_close=0, node_hits=0
2026-02-28 19:47:43 | INFO  | [ROUTE_PICK] edge_id=payment_approved->end_success, chosen=offset_-1, cost=898.0
2026-02-28 19:47:43 | INFO  | [OCCUPY] edge_id=payment_approved->end_success, segment=V, x=1280, y1=1128, y2=1196.0
2026-02-28 19:47:43 | INFO  | [OCCUPY] edge_id=payment_approved->end_success, segment=H, y=1196.0, x1=600, x2=1280
2026-02-28 19:47:43 | INFO  | [OCCUPY] edge_id=payment_approved->end_success, segment=V, x=600, y1=1196.0, y2=1246
2026-02-28 19:47:43 | INFO  | [ROUTE_TRY] edge_id=data_valid->end_failure, variant=base, cost=1218.0, overlaps=1, par_close=0, node_hits=0
2026-02-28 19:47:43 | INFO  | [ROUTE_TRY] edge_id=data_valid->end_failure, variant=offset_-1, cost=1018.0, overlaps=0, par_close=0, node_hits=0
2026-02-28 19:47:43 | INFO  | [ROUTE_PICK] edge_id=data_valid->end_failure, chosen=offset_-1, cost=1018.0
2026-02-28 19:47:43 | INFO  | [OCCUPY] edge_id=data_valid->end_failure, segment=V, x=560, y1=648, y2=716.0
2026-02-28 19:47:43 | INFO  | [OCCUPY] edge_id=data_valid->end_failure, segment=H, y=716.0, x1=560, x2=880
2026-02-28 19:47:43 | INFO  | [OCCUPY] edge_id=data_valid->end_failure, segment=V, x=880, y1=716.0, y2=1246
2026-02-28 19:47:43 | INFO  | [ROUTE_TRY] edge_id=payment_approved->end_failure, variant=base, cost=738.0, overlaps=1, par_close=0, node_hits=0
2026-02-28 19:47:43 | INFO  | [ROUTE_TRY] edge_id=payment_approved->end_failure, variant=offset_-1, cost=938.0, overlaps=2, par_close=0, node_hits=0
2026-02-28 19:47:43 | INFO  | [ROUTE_TRY] edge_id=payment_approved->end_failure, variant=offset_-2, cost=738.0, overlaps=1, par_close=0, node_hits=0
2026-02-28 19:47:43 | INFO  | [ROUTE_TRY] edge_id=payment_approved->end_failure, variant=offset_-3, cost=1338.0, overlaps=1, par_close=1, node_hits=0
2026-02-28 19:47:43 | INFO  | [ROUTE_TRY] edge_id=payment_approved->end_failure, variant=offset_-4, cost=738.0, overlaps=1, par_close=0, node_hits=0
2026-02-28 19:47:43 | INFO  | [ROUTE_TRY] edge_id=payment_approved->end_failure, variant=offset_-5, cost=738.0, overlaps=1, par_close=0, node_hits=0
2026-02-28 19:47:43 | INFO  | [ROUTE_TRY] edge_id=payment_approved->end_failure, variant=offset_-6, cost=738, overlaps=1, par_close=0, node_hits=0
2026-02-28 19:47:43 | INFO  | [ROUTE_TRY] edge_id=payment_approved->end_failure, variant=offset_-7, cost=738, overlaps=1, par_close=0, node_hits=0
2026-02-28 19:47:43 | INFO  | [ROUTE_TRY] edge_id=payment_approved->end_failure, variant=offset_-8, cost=738, overlaps=1, par_close=0, node_hits=0
2026-02-28 19:47:43 | INFO  | [ROUTE_TRY] edge_id=payment_approved->end_failure, variant=offset_1, cost=1338.0, overlaps=1, par_close=1, node_hits=0
2026-02-28 19:47:43 | INFO  | [ROUTE_TRY] edge_id=payment_approved->end_failure, variant=offset_2, cost=738.0, overlaps=1, par_close=0, node_hits=0
2026-02-28 19:47:43 | INFO  | [ROUTE_TRY] edge_id=payment_approved->end_failure, variant=offset_3, cost=738, overlaps=1, par_close=0, node_hits=0
2026-02-28 19:47:43 | INFO  | [ROUTE_TRY] edge_id=payment_approved->end_failure, variant=offset_4, cost=738, overlaps=1, par_close=0, node_hits=0
2026-02-28 19:47:43 | INFO  | [ROUTE_TRY] edge_id=payment_approved->end_failure, variant=offset_5, cost=738, overlaps=1, par_close=0, node_hits=0
2026-02-28 19:47:43 | INFO  | [ROUTE_TRY] edge_id=payment_approved->end_failure, variant=offset_6, cost=738, overlaps=1, par_close=0, node_hits=0
2026-02-28 19:47:43 | INFO  | [ROUTE_TRY] edge_id=payment_approved->end_failure, variant=offset_7, cost=738, overlaps=1, par_close=0, node_hits=0
2026-02-28 19:47:43 | INFO  | [ROUTE_TRY] edge_id=payment_approved->end_failure, variant=offset_8, cost=738, overlaps=1, par_close=0, node_hits=0
2026-02-28 19:47:43 | INFO  | [ROUTE_PICK] edge_id=payment_approved->end_failure, chosen=base, cost=738.0
2026-02-28 19:47:43 | INFO  | [OCCUPY] edge_id=payment_approved->end_failure, segment=V, x=1200, y1=1128, y2=1208.0
2026-02-28 19:47:43 | INFO  | [OCCUPY] edge_id=payment_approved->end_failure, segment=H, y=1208.0, x1=880, x2=1200
2026-02-28 19:47:43 | INFO  | [OCCUPY] edge_id=payment_approved->end_failure, segment=V, x=880, y1=1208.0, y2=1246
2026-02-28 19:47:43 | INFO  | [EXPORT] SVG gerado: view_box=-40,-40,1564,1470
2026-02-28 19:47:43 | INFO  | Export OK → data\export\checkout_flow.svg
2026-02-28 19:47:56 | INFO  | Compilando arquivo data/example/checkout_flow.sff
2026-02-28 19:47:56 | INFO  | [CFF-COMPILER] N=9, E=9, L=3, decisions=2, branches=0, joins=1, cycles=0, max_cycle_depth=0, max_branch_depth=2, B_max=0, T_max=13
2026-02-28 19:47:56 | INFO  | Compilação CFF OK! Salvo em: data\compiled\checkout_flow.cpff
2026-02-28 19:48:16 | INFO  | Compilando arquivo data/example/checkout_flow.sff
2026-02-28 19:48:16 | INFO  | [CFF-COMPILER] N=9, E=9, L=3, decisions=2, branches=0, joins=1, cycles=0, max_cycle_depth=0, max_branch_depth=2, B_max=0, T_max=13
2026-02-28 19:48:16 | INFO  | Compilação CFF OK! Salvo em: data\compiled\checkout_flow.cpff
2026-02-28 19:48:29 | INFO  | Export iniciado: formato=svg, arquivo=data/compiled/checkout_flow.cpff, lanes_only=False
2026-02-28 19:48:29 | INFO  | [CFF-PIPELINE] cpff stats: N=9, E=9, L=3, decisions=2, branches=0, joins=1, cycles=0, max_cycle_depth=0, B_max=0, T_max=13
2026-02-28 19:48:29 | INFO  | [CFF-ENGINE] Iniciando layout determinístico (MD13+MD15+MD16+MD18+MD19)
2026-02-28 19:48:29 | WARN  | [CFF-ENGINE] Tentativa 1 falhou: ROUTING_IMPOSSIBLE: no horizontal track available (TB)
2026-02-28 19:48:29 | INFO  | [CFF-ENGINE] Aplicando expansão global #1 (MD16)
2026-02-28 19:48:29 | WARN  | [CFF-ENGINE] Tentativa 2 falhou: ROUTING_IMPOSSIBLE: no horizontal track available (TB)
2026-02-28 19:48:29 | INFO  | [CFF-ENGINE] Aplicando expansão global #2 (MD16)
2026-02-28 19:48:29 | INFO  | [LOOP-ROUTE] TB return edge=e9 cycle_level=1 corridor_x=980
2026-02-28 19:48:29 | INFO  | [CFF-ENGINE] Layout convergiu em 3 tentativa(s)
2026-02-28 19:48:29 | INFO  | [CFF-ENGINE] Complexity: N=9, E=9, L=3, D_max=8, T_max=17, B_max=0, cycles=0, max_cycle_depth=0, height≈1440, width≈1070, expansions=2
2026-02-28 19:48:29 | INFO  | [CFF-PIPELINE] layout complexity: N=9, E=9, L=3, D_max=8, T_max=17, B_max=0, cycles=0, max_cycle_depth=0, height≈1440, width≈1070
2026-02-28 19:48:29 | INFO  | Export OK → data\export\checkout_flow.svg
2026-02-28 20:03:48 | INFO  | Export iniciado: formato=svg, arquivo=data/compiled/checkout_flow.cpff, lanes_only=False
2026-02-28 20:03:49 | ERROR | 'continue' not properly in loop (cff_router.py, line 225)
2026-02-28 20:04:05 | INFO  | Compilando arquivo data/example/checkout_flow.sff
2026-02-28 20:04:05 | INFO  | [CFF-COMPILER] N=9, E=9, L=3, decisions=2, branches=0, joins=1, cycles=0, max_cycle_depth=0, max_branch_depth=2, B_max=0, T_max=13
2026-02-28 20:04:05 | INFO  | Compilação CFF OK! Salvo em: data\compiled\checkout_flow.cpff
2026-02-28 20:04:07 | INFO  | Export iniciado: formato=svg, arquivo=data/compiled/checkout_flow.cpff, lanes_only=False
2026-02-28 20:04:07 | ERROR | 'continue' not properly in loop (cff_router.py, line 225)
2026-02-28 20:05:25 | INFO  | Export iniciado: formato=svg, arquivo=checkout_flow.cpff, lanes_only=False
2026-02-28 20:05:25 | ERROR | [Errno 2] No such file or directory: 'checkout_flow.cpff'
2026-02-28 20:05:32 | INFO  | Export iniciado: formato=svg, arquivo=checkout_flow.cpff, lanes_only=False
2026-02-28 20:05:32 | ERROR | [Errno 2] No such file or directory: 'checkout_flow.cpff'
2026-02-28 20:05:55 | INFO  | Export iniciado: formato=svg, arquivo=.\data\compiled\checkout_flow.cpff, lanes_only=False
2026-02-28 20:05:55 | INFO  | [CFF-PIPELINE] cpff stats: N=9, E=9, L=3, decisions=2, branches=0, joins=1, cycles=0, max_cycle_depth=0, B_max=0, T_max=13
2026-02-28 20:05:55 | INFO  | [CFF-ENGINE] Iniciando layout determinístico (MD13+MD15+MD16+MD18+MD19)
2026-02-28 20:05:55 | WARN  | [CFF-ENGINE] Tentativa 1 falhou: ROUTING_IMPOSSIBLE: no horizontal track available (TB)
2026-02-28 20:05:55 | INFO  | [CFF-ENGINE] Aplicando expansão global #1 (MD16)
2026-02-28 20:05:55 | WARN  | [CFF-ENGINE] Tentativa 2 falhou: ROUTING_IMPOSSIBLE: no horizontal track available (TB)
2026-02-28 20:05:55 | INFO  | [CFF-ENGINE] Aplicando expansão global #2 (MD16)
2026-02-28 20:05:55 | INFO  | [LOOP-ROUTE] TB return edge=e9 cycle_level=1 corridor_x=980
2026-02-28 20:05:55 | INFO  | [CFF-ENGINE] Layout convergiu em 3 tentativa(s)
2026-02-28 20:05:55 | INFO  | [CFF-ENGINE] Complexity: N=9, E=9, L=3, D_max=8, T_max=17, B_max=0, cycles=0, max_cycle_depth=0, height≈1440, width≈1070, expansions=2
2026-02-28 20:05:55 | INFO  | [CFF-PIPELINE] layout complexity: N=9, E=9, L=3, D_max=8, T_max=17, B_max=0, cycles=0, max_cycle_depth=0, height≈1440, width≈1070
2026-02-28 20:05:55 | INFO  | Export OK → data\export\checkout_flow.svg
2026-02-28 20:08:02 | INFO  | Export iniciado: formato=svg, arquivo=checkout_flow.cpff, lanes_only=False
2026-02-28 20:08:02 | ERROR | [Errno 2] No such file or directory: 'checkout_flow.cpff'
2026-02-28 20:08:13 | INFO  | Compilando arquivo data/example/checkout_flow.sff
2026-02-28 20:08:13 | INFO  | [CFF-COMPILER] N=9, E=9, L=3, decisions=2, branches=0, joins=1, cycles=0, max_cycle_depth=0, max_branch_depth=2, B_max=0, T_max=13
2026-02-28 20:08:13 | INFO  | Compilação CFF OK! Salvo em: data\compiled\checkout_flow.cpff
2026-02-28 20:08:16 | INFO  | Export iniciado: formato=svg, arquivo=checkout_flow.cpff, lanes_only=False
2026-02-28 20:08:16 | ERROR | [Errno 2] No such file or directory: 'checkout_flow.cpff'
2026-02-28 20:08:25 | INFO  | Export iniciado: formato=svg, arquivo=.\data\compiled\checkout_flow.cpff, lanes_only=False
2026-02-28 20:08:25 | INFO  | [CFF-PIPELINE] cpff stats: N=9, E=9, L=3, decisions=2, branches=0, joins=1, cycles=0, max_cycle_depth=0, B_max=0, T_max=13
2026-02-28 20:08:25 | INFO  | [CFF-ENGINE] Iniciando layout determinístico (MD13+MD15+MD16+MD18+MD19)
2026-02-28 20:08:25 | INFO  | [ROUTE-CHANNEL] TB lane=user band=(1, 2) kind=main_path track=7 reused=False
2026-02-28 20:08:25 | WARN  | [CFF-ENGINE] Tentativa 1 falhou: ROUTING_IMPOSSIBLE: no horizontal track available (TB)
2026-02-28 20:08:25 | INFO  | [CFF-ENGINE] Aplicando expansão global #1 (MD16)
2026-02-28 20:08:25 | INFO  | [ROUTE-CHANNEL] TB lane=user band=(1, 2) kind=main_path track=7 reused=False
2026-02-28 20:08:25 | WARN  | [CFF-ENGINE] Tentativa 2 falhou: ROUTING_IMPOSSIBLE: no horizontal track available (TB)
2026-02-28 20:08:25 | INFO  | [CFF-ENGINE] Aplicando expansão global #2 (MD16)
2026-02-28 20:08:25 | INFO  | [ROUTE-CHANNEL] TB lane=user band=(1, 2) kind=main_path track=7 reused=False
2026-02-28 20:08:25 | INFO  | [ROUTE-CHANNEL] TB lane=user band=(2, 3) kind=main_path track=8 reused=False
2026-02-28 20:08:25 | INFO  | [ROUTE-CHANNEL] TB lane=system band=(3, 4) kind=main_path track=7 reused=False
2026-02-28 20:08:25 | INFO  | [ROUTE-CHANNEL] TB lane=system band=(4, 5) kind=main_path track=8 reused=False
2026-02-28 20:08:25 | INFO  | [ROUTE-CHANNEL] TB lane=gateway band=(5, 6) kind=main_path track=7 reused=False
2026-02-28 20:08:25 | INFO  | [ROUTE-CHANNEL] TB lane=gateway band=(6, 7) kind=main_path track=8 reused=False
2026-02-28 20:08:25 | INFO  | [ROUTE-CHANNEL] TB lane=gateway band=(7, 8) kind=main_path track=6 reused=False
2026-02-28 20:08:25 | INFO  | [LOOP-ROUTE] TB return edge=e9 cycle_level=1 corridor_x=980
2026-02-28 20:08:25 | INFO  | [ROUTE-CHANNEL] TB lane=system band=(4, 5) kind=join track=6 reused=False
2026-02-28 20:08:25 | INFO  | [CFF-ENGINE] Layout convergiu em 3 tentativa(s)
2026-02-28 20:08:25 | INFO  | [CFF-ENGINE] Complexity: N=9, E=9, L=3, D_max=8, T_max=17, B_max=0, cycles=0, max_cycle_depth=0, height≈1440, width≈1070, expansions=2
2026-02-28 20:08:25 | INFO  | [CFF-PIPELINE] layout complexity: N=9, E=9, L=3, D_max=8, T_max=17, B_max=0, cycles=0, max_cycle_depth=0, height≈1440, width≈1070
2026-02-28 20:08:25 | INFO  | Export OK → data\export\checkout_flow.svg
2026-02-28 21:53:19 | INFO  | Export iniciado: formato=svg, arquivo=.\data\compiled\checkout_flow.cpff, lanes_only=False
2026-02-28 21:53:19 | INFO  | [CFF-PIPELINE] cpff stats: N=9, E=9, L=3, decisions=2, branches=0, joins=1, cycles=0, max_cycle_depth=0, B_max=0, T_max=13
2026-02-28 21:53:19 | INFO  | [CFF-ENGINE] Iniciando layout determinístico (MD13+MD15+MD16+MD18+MD19)
2026-02-28 21:53:19 | INFO  | [CHANNEL] TB lane=user band=0 kind=main_path track=7 reused=False
2026-02-28 21:53:19 | WARN  | [CHANNEL_FAIL] edge=e2 key=('user', 1, 'main_path', 'mid', 'TB') reason=NO_TRACK_AVAILABLE tried=[]
2026-02-28 21:53:19 | WARN  | [CFF-ENGINE] Tentativa 1 falhou: ROUTING_IMPOSSIBLE: no horizontal track available (TB)
2026-02-28 21:53:19 | INFO  | [CFF-ENGINE] Aplicando expansão global #1 (MD16)
2026-02-28 21:53:19 | INFO  | [CHANNEL] TB lane=user band=0 kind=main_path track=7 reused=False
2026-02-28 21:53:19 | WARN  | [CHANNEL_FAIL] edge=e2 key=('user', 1, 'main_path', 'mid', 'TB') reason=NO_TRACK_AVAILABLE tried=[]
2026-02-28 21:53:19 | WARN  | [CFF-ENGINE] Tentativa 2 falhou: ROUTING_IMPOSSIBLE: no horizontal track available (TB)
2026-02-28 21:53:19 | INFO  | [CFF-ENGINE] Aplicando expansão global #2 (MD16)
2026-02-28 21:53:19 | INFO  | [CHANNEL] TB lane=user band=0 kind=main_path track=7 reused=False
2026-02-28 21:53:19 | INFO  | [CHANNEL] TB lane=user band=1 kind=main_path track=8 reused=False
2026-02-28 21:53:19 | INFO  | [CHANNEL] TB lane=system band=1 kind=main_path track=7 reused=False
2026-02-28 21:53:19 | INFO  | [CHANNEL] TB lane=system band=2 kind=main_path track=8 reused=False
2026-02-28 21:53:19 | INFO  | [CHANNEL] TB lane=gateway band=2 kind=main_path track=7 reused=False
2026-02-28 21:53:19 | INFO  | [CHANNEL] TB lane=gateway band=3 kind=main_path track=8 reused=False
2026-02-28 21:53:19 | INFO  | [CHANNEL] TB lane=gateway band=3 kind=main_path track=6 reused=False
2026-02-28 21:53:19 | INFO  | [LOOP-ROUTE] TB return edge=e9 cycle_level=1 corridor_x=980
2026-02-28 21:53:19 | INFO  | [CHANNEL] TB lane=system band=2 kind=join track=6 reused=False
2026-02-28 21:53:19 | INFO  | [CFF-ENGINE] Layout convergiu em 3 tentativa(s)
2026-02-28 21:53:19 | INFO  | [CFF-ENGINE] Complexity: N=9, E=9, L=3, D_max=8, T_max=17, B_max=0, cycles=0, max_cycle_depth=0, height≈1440, width≈1070, expansions=2
2026-02-28 21:53:19 | INFO  | [CFF-ENGINE] Debug dumps escritos em logs/: layout_dump.json, occupancy_dump.json, bridge_dump.json, routing_failures.json
2026-02-28 21:53:19 | INFO  | [CFF-PIPELINE] layout complexity: N=9, E=9, L=3, D_max=8, T_max=17, B_max=0, cycles=0, max_cycle_depth=0, height≈1440, width≈1070
2026-02-28 21:53:19 | INFO  | Export OK → data\export\checkout_flow.svg
2026-02-28 22:03:39 | INFO  | Export iniciado: formato=svg, arquivo=.\data\compiled\checkout_flow.cpff, lanes_only=False
2026-02-28 22:03:39 | INFO  | [CFF-PIPELINE] cpff stats: N=9, E=9, L=3, decisions=2, branches=0, joins=1, cycles=0, max_cycle_depth=0, B_max=0, T_max=13
2026-02-28 22:03:39 | INFO  | [CFF-ENGINE] Iniciando layout determinístico (MD13+MD15+MD16+MD18+MD19)
2026-02-28 22:03:39 | INFO  | [CHANNEL] TB lane=user band=0 kind=main_path track=7 reused=False
2026-02-28 22:03:39 | WARN  | [CHANNEL_FAIL] edge=e2 key=('user', 1, 'main_path', 'mid', 'TB') reason=NO_TRACK_AVAILABLE tried=[]
2026-02-28 22:03:39 | WARN  | [CFF-ENGINE] Tentativa 1 falhou: ROUTING_IMPOSSIBLE: no horizontal track available (TB)
2026-02-28 22:03:39 | INFO  | [CFF-ENGINE] Aplicando expansão global #1 (MD16)
2026-02-28 22:03:39 | INFO  | [CHANNEL] TB lane=user band=0 kind=main_path track=7 reused=False
2026-02-28 22:03:39 | WARN  | [CHANNEL_FAIL] edge=e2 key=('user', 1, 'main_path', 'mid', 'TB') reason=NO_TRACK_AVAILABLE tried=[]
2026-02-28 22:03:39 | WARN  | [CFF-ENGINE] Tentativa 2 falhou: ROUTING_IMPOSSIBLE: no horizontal track available (TB)
2026-02-28 22:03:39 | INFO  | [CFF-ENGINE] Aplicando expansão global #2 (MD16)
2026-02-28 22:03:39 | INFO  | [CHANNEL] TB lane=user band=0 kind=main_path track=7 reused=False
2026-02-28 22:03:39 | INFO  | [CHANNEL] TB lane=user band=1 kind=main_path track=8 reused=False
2026-02-28 22:03:39 | INFO  | [CHANNEL] TB lane=system band=1 kind=main_path track=7 reused=False
2026-02-28 22:03:39 | INFO  | [CHANNEL] TB lane=system band=2 kind=main_path track=8 reused=False
2026-02-28 22:03:39 | INFO  | [CHANNEL] TB lane=gateway band=2 kind=main_path track=7 reused=False
2026-02-28 22:03:39 | INFO  | [CHANNEL] TB lane=gateway band=3 kind=main_path track=8 reused=False
2026-02-28 22:03:39 | INFO  | [CHANNEL] TB lane=gateway band=3 kind=main_path track=6 reused=False
2026-02-28 22:03:39 | INFO  | [LOOP-ROUTE] TB return edge=e9 cycle_level=1 corridor_x=980 corridor_y=1540.0
2026-02-28 22:03:39 | INFO  | [CHANNEL] TB lane=system band=2 kind=join track=6 reused=False
2026-02-28 22:03:39 | INFO  | [CFF-ENGINE] Layout convergiu em 3 tentativa(s)
2026-02-28 22:03:39 | INFO  | [CFF-ENGINE] Complexity: N=9, E=9, L=3, D_max=8, T_max=17, B_max=0, cycles=0, max_cycle_depth=0, height≈1440, width≈1070, expansions=2
2026-02-28 22:03:39 | INFO  | [CFF-ENGINE] Debug dumps escritos em logs/: layout_dump.json, occupancy_dump.json, bridge_dump.json, routing_failures.json
2026-02-28 22:03:39 | INFO  | [CFF-PIPELINE] layout complexity: N=9, E=9, L=3, D_max=8, T_max=17, B_max=0, cycles=0, max_cycle_depth=0, height≈1440, width≈1070
2026-02-28 22:03:39 | INFO  | Export OK → data\export\checkout_flow.svg
2026-02-28 22:04:24 | INFO  | Export iniciado: formato=svg, arquivo=.\data\compiled\checkout_flow.cpff, lanes_only=False
2026-02-28 22:04:24 | INFO  | [CFF-PIPELINE] cpff stats: N=9, E=9, L=3, decisions=2, branches=0, joins=1, cycles=0, max_cycle_depth=0, B_max=0, T_max=13
2026-02-28 22:04:24 | INFO  | [CFF-ENGINE] Iniciando layout determinístico (MD13+MD15+MD16+MD18+MD19)
2026-02-28 22:04:24 | INFO  | [CHANNEL] TB lane=user band=0 kind=main_path track=7 reused=False
2026-02-28 22:04:24 | WARN  | [CHANNEL_FAIL] edge=e2 key=('user', 1, 'main_path', 'mid', 'TB') reason=NO_TRACK_AVAILABLE tried=[]
2026-02-28 22:04:24 | WARN  | [CFF-ENGINE] Tentativa 1 falhou: ROUTING_IMPOSSIBLE: no horizontal track available (TB)
2026-02-28 22:04:24 | INFO  | [CFF-ENGINE] Aplicando expansão global #1 (MD16)
2026-02-28 22:04:24 | INFO  | [CHANNEL] TB lane=user band=0 kind=main_path track=7 reused=False
2026-02-28 22:04:24 | WARN  | [CHANNEL_FAIL] edge=e2 key=('user', 1, 'main_path', 'mid', 'TB') reason=NO_TRACK_AVAILABLE tried=[]
2026-02-28 22:04:24 | WARN  | [CFF-ENGINE] Tentativa 2 falhou: ROUTING_IMPOSSIBLE: no horizontal track available (TB)
2026-02-28 22:04:24 | INFO  | [CFF-ENGINE] Aplicando expansão global #2 (MD16)
2026-02-28 22:04:24 | INFO  | [CHANNEL] TB lane=user band=0 kind=main_path track=7 reused=False
2026-02-28 22:04:24 | INFO  | [CHANNEL] TB lane=user band=1 kind=main_path track=8 reused=False
2026-02-28 22:04:24 | INFO  | [CHANNEL] TB lane=system band=1 kind=main_path track=7 reused=False
2026-02-28 22:04:24 | INFO  | [CHANNEL] TB lane=system band=2 kind=main_path track=8 reused=False
2026-02-28 22:04:24 | INFO  | [CHANNEL] TB lane=gateway band=2 kind=main_path track=7 reused=False
2026-02-28 22:04:24 | INFO  | [CHANNEL] TB lane=gateway band=3 kind=main_path track=8 reused=False
2026-02-28 22:04:24 | INFO  | [CHANNEL] TB lane=gateway band=3 kind=main_path track=6 reused=False
2026-02-28 22:04:24 | INFO  | [LOOP-ROUTE] TB return edge=e9 cycle_level=1 corridor_x=980 corridor_y=1540.0
2026-02-28 22:04:24 | INFO  | [CHANNEL] TB lane=system band=2 kind=join track=6 reused=False
2026-02-28 22:04:24 | INFO  | [CFF-ENGINE] Layout convergiu em 3 tentativa(s)
2026-02-28 22:04:24 | INFO  | [CFF-ENGINE] Complexity: N=9, E=9, L=3, D_max=8, T_max=17, B_max=0, cycles=0, max_cycle_depth=0, height≈1440, width≈1070, expansions=2
2026-02-28 22:04:24 | INFO  | [CFF-ENGINE] Debug dumps escritos em logs/: layout_dump.json, occupancy_dump.json, bridge_dump.json, routing_failures.json
2026-02-28 22:04:24 | INFO  | [CFF-PIPELINE] layout complexity: N=9, E=9, L=3, D_max=8, T_max=17, B_max=0, cycles=0, max_cycle_depth=0, height≈1440, width≈1070
2026-02-28 22:04:24 | INFO  | Export OK → data\export\checkout_flow.svg
2026-02-28 22:04:30 | INFO  | Export iniciado: formato=svg, arquivo=.\data\compiled\checkout_flow.cpff, lanes_only=False
2026-02-28 22:04:30 | INFO  | [CFF-PIPELINE] cpff stats: N=9, E=9, L=3, decisions=2, branches=0, joins=1, cycles=0, max_cycle_depth=0, B_max=0, T_max=13
2026-02-28 22:04:30 | INFO  | [CFF-ENGINE] Iniciando layout determinístico (MD13+MD15+MD16+MD18+MD19)
2026-02-28 22:04:30 | INFO  | [CHANNEL] TB lane=user band=0 kind=main_path track=7 reused=False
2026-02-28 22:04:30 | WARN  | [CHANNEL_FAIL] edge=e2 key=('user', 1, 'main_path', 'mid', 'TB') reason=NO_TRACK_AVAILABLE tried=[]
2026-02-28 22:04:30 | WARN  | [CFF-ENGINE] Tentativa 1 falhou: ROUTING_IMPOSSIBLE: no horizontal track available (TB)
2026-02-28 22:04:30 | INFO  | [CFF-ENGINE] Aplicando expansão global #1 (MD16)
2026-02-28 22:04:30 | INFO  | [CHANNEL] TB lane=user band=0 kind=main_path track=7 reused=False
2026-02-28 22:04:30 | WARN  | [CHANNEL_FAIL] edge=e2 key=('user', 1, 'main_path', 'mid', 'TB') reason=NO_TRACK_AVAILABLE tried=[]
2026-02-28 22:04:30 | WARN  | [CFF-ENGINE] Tentativa 2 falhou: ROUTING_IMPOSSIBLE: no horizontal track available (TB)
2026-02-28 22:04:30 | INFO  | [CFF-ENGINE] Aplicando expansão global #2 (MD16)
2026-02-28 22:04:30 | INFO  | [CHANNEL] TB lane=user band=0 kind=main_path track=7 reused=False
2026-02-28 22:04:30 | INFO  | [CHANNEL] TB lane=user band=1 kind=main_path track=8 reused=False
2026-02-28 22:04:30 | INFO  | [CHANNEL] TB lane=system band=1 kind=main_path track=7 reused=False
2026-02-28 22:04:30 | INFO  | [CHANNEL] TB lane=system band=2 kind=main_path track=8 reused=False
2026-02-28 22:04:30 | INFO  | [CHANNEL] TB lane=gateway band=2 kind=main_path track=7 reused=False
2026-02-28 22:04:30 | INFO  | [CHANNEL] TB lane=gateway band=3 kind=main_path track=8 reused=False
2026-02-28 22:04:30 | INFO  | [CHANNEL] TB lane=gateway band=3 kind=main_path track=6 reused=False
2026-02-28 22:04:30 | INFO  | [LOOP-ROUTE] TB return edge=e9 cycle_level=1 corridor_x=980 corridor_y=1540.0
2026-02-28 22:04:30 | INFO  | [CHANNEL] TB lane=system band=2 kind=join track=6 reused=False
2026-02-28 22:04:30 | INFO  | [CFF-ENGINE] Layout convergiu em 3 tentativa(s)
2026-02-28 22:04:30 | INFO  | [CFF-ENGINE] Complexity: N=9, E=9, L=3, D_max=8, T_max=17, B_max=0, cycles=0, max_cycle_depth=0, height≈1440, width≈1070, expansions=2
2026-02-28 22:04:30 | INFO  | [CFF-ENGINE] Debug dumps escritos em logs/: layout_dump.json, occupancy_dump.json, bridge_dump.json, routing_failures.json
2026-02-28 22:04:30 | INFO  | [CFF-PIPELINE] layout complexity: N=9, E=9, L=3, D_max=8, T_max=17, B_max=0, cycles=0, max_cycle_depth=0, height≈1440, width≈1070
2026-02-28 22:04:30 | INFO  | Export OK → data\export\checkout_flow.svg
2026-02-28 22:04:37 | INFO  | Export iniciado: formato=svg, arquivo=.\data\compiled\checkout_flow.cpff, lanes_only=False
2026-02-28 22:04:37 | INFO  | [CFF-PIPELINE] cpff stats: N=9, E=9, L=3, decisions=2, branches=0, joins=1, cycles=0, max_cycle_depth=0, B_max=0, T_max=13
2026-02-28 22:04:37 | INFO  | [CFF-ENGINE] Iniciando layout determinístico (MD13+MD15+MD16+MD18+MD19)
2026-02-28 22:04:37 | INFO  | [CHANNEL] TB lane=user band=0 kind=main_path track=7 reused=False
2026-02-28 22:04:37 | WARN  | [CHANNEL_FAIL] edge=e2 key=('user', 1, 'main_path', 'mid', 'TB') reason=NO_TRACK_AVAILABLE tried=[]
2026-02-28 22:04:37 | WARN  | [CFF-ENGINE] Tentativa 1 falhou: ROUTING_IMPOSSIBLE: no horizontal track available (TB)
2026-02-28 22:04:37 | INFO  | [CFF-ENGINE] Aplicando expansão global #1 (MD16)
2026-02-28 22:04:37 | INFO  | [CHANNEL] TB lane=user band=0 kind=main_path track=7 reused=False
2026-02-28 22:04:37 | WARN  | [CHANNEL_FAIL] edge=e2 key=('user', 1, 'main_path', 'mid', 'TB') reason=NO_TRACK_AVAILABLE tried=[]
2026-02-28 22:04:37 | WARN  | [CFF-ENGINE] Tentativa 2 falhou: ROUTING_IMPOSSIBLE: no horizontal track available (TB)
2026-02-28 22:04:37 | INFO  | [CFF-ENGINE] Aplicando expansão global #2 (MD16)
2026-02-28 22:04:37 | INFO  | [CHANNEL] TB lane=user band=0 kind=main_path track=7 reused=False
2026-02-28 22:04:37 | INFO  | [CHANNEL] TB lane=user band=1 kind=main_path track=8 reused=False
2026-02-28 22:04:37 | INFO  | [CHANNEL] TB lane=system band=1 kind=main_path track=7 reused=False
2026-02-28 22:04:37 | INFO  | [CHANNEL] TB lane=system band=2 kind=main_path track=8 reused=False
2026-02-28 22:04:37 | INFO  | [CHANNEL] TB lane=gateway band=2 kind=main_path track=7 reused=False
2026-02-28 22:04:37 | INFO  | [CHANNEL] TB lane=gateway band=3 kind=main_path track=8 reused=False
2026-02-28 22:04:37 | INFO  | [CHANNEL] TB lane=gateway band=3 kind=main_path track=6 reused=False
2026-02-28 22:04:37 | INFO  | [LOOP-ROUTE] TB return edge=e9 cycle_level=1 corridor_x=980 corridor_y=1540.0
2026-02-28 22:04:37 | INFO  | [CHANNEL] TB lane=system band=2 kind=join track=6 reused=False
2026-02-28 22:04:37 | INFO  | [CFF-ENGINE] Layout convergiu em 3 tentativa(s)
2026-02-28 22:04:37 | INFO  | [CFF-ENGINE] Complexity: N=9, E=9, L=3, D_max=8, T_max=17, B_max=0, cycles=0, max_cycle_depth=0, height≈1440, width≈1070, expansions=2
2026-02-28 22:04:37 | INFO  | [CFF-ENGINE] Debug dumps escritos em logs/: layout_dump.json, occupancy_dump.json, bridge_dump.json, routing_failures.json
2026-02-28 22:04:37 | INFO  | [CFF-PIPELINE] layout complexity: N=9, E=9, L=3, D_max=8, T_max=17, B_max=0, cycles=0, max_cycle_depth=0, height≈1440, width≈1070
2026-02-28 22:04:37 | INFO  | Export OK → data\export\checkout_flow.svg
2026-02-28 22:07:19 | INFO  | Export iniciado: formato=svg, arquivo=.\data\compiled\checkout_flow.cpff, lanes_only=False
2026-02-28 22:07:19 | INFO  | [CFF-PIPELINE] cpff stats: N=9, E=9, L=3, decisions=2, branches=0, joins=1, cycles=0, max_cycle_depth=0, B_max=0, T_max=13
2026-02-28 22:07:19 | INFO  | [CFF-ENGINE] Iniciando layout determinístico (MD13+MD15+MD16+MD18+MD19)
2026-02-28 22:07:19 | INFO  | [CHANNEL] TB lane=user band=0 kind=main_path track=7 reused=False
2026-02-28 22:07:19 | WARN  | [CHANNEL_FAIL] edge=e2 key=('user', 1, 'main_path', 'mid', 'TB') reason=NO_TRACK_AVAILABLE tried=[]
2026-02-28 22:07:19 | WARN  | [CFF-ENGINE] Tentativa 1 falhou: ROUTING_IMPOSSIBLE: no horizontal track available (TB)
2026-02-28 22:07:19 | INFO  | [CFF-ENGINE] Aplicando expansão global #1 (MD16)
2026-02-28 22:07:19 | INFO  | [CHANNEL] TB lane=user band=0 kind=main_path track=7 reused=False
2026-02-28 22:07:19 | WARN  | [CHANNEL_FAIL] edge=e2 key=('user', 1, 'main_path', 'mid', 'TB') reason=NO_TRACK_AVAILABLE tried=[]
2026-02-28 22:07:19 | WARN  | [CFF-ENGINE] Tentativa 2 falhou: ROUTING_IMPOSSIBLE: no horizontal track available (TB)
2026-02-28 22:07:19 | INFO  | [CFF-ENGINE] Aplicando expansão global #2 (MD16)
2026-02-28 22:07:19 | INFO  | [CHANNEL] TB lane=user band=0 kind=main_path track=7 reused=False
2026-02-28 22:07:19 | INFO  | [CHANNEL] TB lane=user band=1 kind=main_path track=8 reused=False
2026-02-28 22:07:19 | INFO  | [CHANNEL] TB lane=system band=1 kind=main_path track=7 reused=False
2026-02-28 22:07:19 | INFO  | [CHANNEL] TB lane=system band=2 kind=main_path track=8 reused=False
2026-02-28 22:07:19 | INFO  | [CHANNEL] TB lane=gateway band=2 kind=main_path track=7 reused=False
2026-02-28 22:07:19 | INFO  | [CHANNEL] TB lane=gateway band=3 kind=main_path track=8 reused=False
2026-02-28 22:07:19 | INFO  | [CHANNEL] TB lane=gateway band=3 kind=main_path track=6 reused=False
2026-02-28 22:07:19 | INFO  | [LOOP-ROUTE] TB return edge=e9 cycle_level=1 corridor_x=980
2026-02-28 22:07:19 | INFO  | [CHANNEL] TB lane=system band=2 kind=join track=6 reused=False
2026-02-28 22:07:19 | INFO  | [CFF-ENGINE] Layout convergiu em 3 tentativa(s)
2026-02-28 22:07:19 | INFO  | [CFF-ENGINE] Complexity: N=9, E=9, L=3, D_max=8, T_max=17, B_max=0, cycles=0, max_cycle_depth=0, height≈1440, width≈1070, expansions=2
2026-02-28 22:07:19 | INFO  | [CFF-ENGINE] Debug dumps escritos em logs/: layout_dump.json, occupancy_dump.json, bridge_dump.json, routing_failures.json
2026-02-28 22:07:19 | INFO  | [CFF-PIPELINE] layout complexity: N=9, E=9, L=3, D_max=8, T_max=17, B_max=0, cycles=0, max_cycle_depth=0, height≈1440, width≈1070
2026-02-28 22:07:19 | INFO  | Export OK → data\export\checkout_flow.svg
